start_game | phase=await_start prompt=Choose a manifest slot or a hand card. advance=no:- hand=- op=- target=-:-:- targets=- target_kind=- target_cards=0 target_slots=0 play=- | new core game started
load | phase=await_start prompt=Choose a manifest slot or a hand card. advance=no:- hand=- op=- target=-:-:- targets=- target_kind=- target_cards=0 target_slots=0 play=- | manifest app loaded
mousepressed | phase=await_start prompt=Choose a manifest slot or a hand card. advance=no:- hand=- op=- target=-:-:- targets=- target_kind=- target_cards=0 target_slots=0 play=- | x=543 y=250 button=1
start_commit | phase=await_start prompt=Choose a manifest slot or a hand card. advance=no:- hand=- op=- target=-:-:- targets=- target_kind=- target_cards=0 target_slots=0 play=- | slot=3
apply_action:before | phase=await_start prompt=Choose a manifest slot or a hand card. advance=no:- hand=- op=- target=-:-:- targets=- target_kind=- target_cards=0 target_slots=0 play=- | action=commit_manifest:3 message=Commit
apply_action:after | phase=await_complete prompt=Choose a hand card or click to deselect. advance=no:- hand=- op=- target=-:-:- targets=- target_kind=- target_cards=0 target_slots=0 play=- | action=commit_manifest:3 error=- kind=commit_manifest
event | phase=await_complete prompt=Choose a hand card or click to deselect. advance=no:- hand=- op=- target=-:-:- targets=- target_kind=- target_cards=0 target_slots=0 play=- | setup_complete
event | phase=await_complete prompt=Choose a hand card or click to deselect. advance=no:- hand=- op=- target=-:-:- targets=- target_kind=- target_cards=0 target_slots=0 play=- | commit_manifest MINOR-84
mousepressed | phase=await_complete prompt=Choose a hand card or click to deselect. advance=no:- hand=- op=- target=-:-:- targets=- target_kind=- target_cards=0 target_slots=0 play=- | x=576 y=552 button=1
complete_arm | phase=await_complete prompt=Choose a hand card or click to deselect. advance=no:- hand=- op=- target=-:-:- targets=- target_kind=- target_cards=0 target_slots=0 play=- | card=MINOR-15
apply_action:before | phase=await_complete prompt=Choose a hand card or click to deselect. advance=no:- hand=- op=- target=-:-:- targets=- target_kind=- target_cards=0 target_slots=0 play=- | action=arm_hand:MINOR-15 message=Arm
apply_action:after | phase=await_ready prompt=Press △ to cast. advance=yes:confirm_turn hand=MINOR-15 op=- target=-:-:- targets=- target_kind=- target_cards=0 target_slots=0 play=- | action=arm_hand:MINOR-15 error=- kind=arm_hand
event | phase=await_ready prompt=Press △ to cast. advance=yes:confirm_turn hand=MINOR-15 op=- target=-:-:- targets=- target_kind=- target_cards=0 target_slots=0 play=- | arm_hand MINOR-15
keypressed | phase=await_ready prompt=Press △ to cast. advance=yes:confirm_turn hand=MINOR-15 op=- target=-:-:- targets=- target_kind=- target_cards=0 target_slots=0 play=- | key=space
apply_action:before | phase=await_ready prompt=Press △ to cast. advance=yes:confirm_turn hand=MINOR-15 op=- target=-:-:- targets=- target_kind=- target_cards=0 target_slots=0 play=- | action=advance message=Advance
apply_action:after | phase=await_operator prompt=Choose one operator or none. advance=yes:discharge hand=- op=- target=-:-:- targets=- target_kind=- target_cards=0 target_slots=0 play=MINOR-15 | action=advance error=- kind=resolve_turn
event | phase=await_operator prompt=Choose one operator or none. advance=yes:discharge hand=- op=- target=-:-:- targets=- target_kind=- target_cards=0 target_slots=0 play=MINOR-15 | hand_to_play MINOR-15
event | phase=await_operator prompt=Choose one operator or none. advance=yes:discharge hand=- op=- target=-:-:- targets=- target_kind=- target_cards=0 target_slots=0 play=MINOR-15 | manifest_to_grave MINOR-84
event | phase=await_operator prompt=Choose one operator or none. advance=yes:discharge hand=- op=- target=-:-:- targets=- target_kind=- target_cards=0 target_slots=0 play=MINOR-15 | latent_trump_revealed TRUMP-7
event | phase=await_operator prompt=Choose one operator or none. advance=yes:discharge hand=- op=- target=-:-:- targets=- target_kind=- target_cards=0 target_slots=0 play=MINOR-15 | trump_flow_entry TRUMP-7
event | phase=await_operator prompt=Choose one operator or none. advance=yes:discharge hand=- op=- target=-:-:- targets=- target_kind=- target_cards=0 target_slots=0 play=MINOR-15 | manifest_closure MINOR-82
event | phase=await_operator prompt=Choose one operator or none. advance=yes:discharge hand=- op=- target=-:-:- targets=- target_kind=- target_cards=0 target_slots=0 play=MINOR-15 | concealed_refill MINOR-11
event | phase=await_operator prompt=Choose one operator or none. advance=yes:discharge hand=- op=- target=-:-:- targets=- target_kind=- target_cards=0 target_slots=0 play=MINOR-15 | operator_choice_pending MINOR-15
mousepressed | phase=await_operator prompt=Choose one operator or none. advance=yes:discharge hand=- op=- target=-:-:- targets=- target_kind=- target_cards=0 target_slots=0 play=MINOR-15 | x=164 y=296 button=1
operator_click | phase=await_operator prompt=Choose one operator or none. advance=yes:discharge hand=- op=- target=-:-:- targets=- target_kind=- target_cards=0 target_slots=0 play=MINOR-15 | op=CONNECT
apply_action:before | phase=await_operator prompt=Choose one operator or none. advance=yes:discharge hand=- op=- target=-:-:- targets=- target_kind=- target_cards=0 target_slots=0 play=MINOR-15 | action=arm_operator:CONNECT message=Arm operator
apply_action:after | phase=await_operator prompt=Choose one operator or none. advance=yes:confirm_operator hand=- op=CONNECT target=-:-:- targets=- target_kind=- target_cards=0 target_slots=0 play=MINOR-15 | action=arm_operator:CONNECT error=- kind=arm_operator
event | phase=await_operator prompt=Choose one operator or none. advance=yes:confirm_operator hand=- op=CONNECT target=-:-:- targets=- target_kind=- target_cards=0 target_slots=0 play=MINOR-15 | operator_armed MINOR-15
keypressed | phase=await_operator prompt=Choose one operator or none. advance=yes:confirm_operator hand=- op=CONNECT target=-:-:- targets=- target_kind=- target_cards=0 target_slots=0 play=MINOR-15 | key=space
apply_action:before | phase=await_operator prompt=Choose one operator or none. advance=yes:confirm_operator hand=- op=CONNECT target=-:-:- targets=- target_kind=- target_cards=0 target_slots=0 play=MINOR-15 | action=advance message=Advance
apply_action:after | phase=await_trump prompt=Resolve pending trump event. advance=yes:resolve_trump hand=- op=- target=-:-:- targets=- target_kind=- target_cards=0 target_slots=0 play=- | action=advance error=- kind=confirm_operator_phase
event | phase=await_trump prompt=Resolve pending trump event. advance=yes:resolve_trump hand=- op=- target=-:-:- targets=- target_kind=- target_cards=0 target_slots=0 play=- | operator_phase_confirmed MINOR-15
event | phase=await_trump prompt=Resolve pending trump event. advance=yes:resolve_trump hand=- op=- target=-:-:- targets=- target_kind=- target_cards=0 target_slots=0 play=- | operator_effect_begin CONNECT
event | phase=await_trump prompt=Resolve pending trump event. advance=yes:resolve_trump hand=- op=- target=-:-:- targets=- target_kind=- target_cards=0 target_slots=0 play=- | draw_to_hand MINOR-52
event | phase=await_trump prompt=Resolve pending trump event. advance=yes:resolve_trump hand=- op=- target=-:-:- targets=- target_kind=- target_cards=0 target_slots=0 play=- | draw_to_hand MINOR-56
event | phase=await_trump prompt=Resolve pending trump event. advance=yes:resolve_trump hand=- op=- target=-:-:- targets=- target_kind=- target_cards=0 target_slots=0 play=- | operator_effect_end CONNECT
event | phase=await_trump prompt=Resolve pending trump event. advance=yes:resolve_trump hand=- op=- target=-:-:- targets=- target_kind=- target_cards=0 target_slots=0 play=- | play_to_grave MINOR-15
event | phase=await_trump prompt=Resolve pending trump event. advance=yes:resolve_trump hand=- op=- target=-:-:- targets=- target_kind=- target_cards=0 target_slots=0 play=- | pending_trump TRUMP-7
keypressed | phase=await_trump prompt=Resolve pending trump event. advance=yes:resolve_trump hand=- op=- target=-:-:- targets=- target_kind=- target_cards=0 target_slots=0 play=- | key=space
apply_action:before | phase=await_trump prompt=Resolve pending trump event. advance=yes:resolve_trump hand=- op=- target=-:-:- targets=- target_kind=- target_cards=0 target_slots=0 play=- | action=advance message=Advance
apply_action:after | phase=await_start prompt=Choose a manifest slot or a hand card. advance=no:- hand=- op=- target=-:-:- targets=- target_kind=- target_cards=0 target_slots=0 play=- | action=advance error=- kind=resolve_pending_trump
event | phase=await_start prompt=Choose a manifest slot or a hand card. advance=no:- hand=- op=- target=-:-:- targets=- target_kind=- target_cards=0 target_slots=0 play=- | trump_zone_entry TRUMP-7
mousepressed | phase=await_start prompt=Choose a manifest slot or a hand card. advance=no:- hand=- op=- target=-:-:- targets=- target_kind=- target_cards=0 target_slots=0 play=- | x=422 y=242 button=1
start_commit | phase=await_start prompt=Choose a manifest slot or a hand card. advance=no:- hand=- op=- target=-:-:- targets=- target_kind=- target_cards=0 target_slots=0 play=- | slot=2
apply_action:before | phase=await_start prompt=Choose a manifest slot or a hand card. advance=no:- hand=- op=- target=-:-:- targets=- target_kind=- target_cards=0 target_slots=0 play=- | action=commit_manifest:2 message=Commit
apply_action:after | phase=await_complete prompt=Choose a hand card or click to deselect. advance=no:- hand=- op=- target=-:-:- targets=- target_kind=- target_cards=0 target_slots=0 play=- | action=commit_manifest:2 error=- kind=commit_manifest
event | phase=await_complete prompt=Choose a hand card or click to deselect. advance=no:- hand=- op=- target=-:-:- targets=- target_kind=- target_cards=0 target_slots=0 play=- | commit_manifest MINOR-50
